# JRE version: OpenJDK Runtime Environment (8.0_152-b06) (build 1.8.0_152-release-1136-b06)
# Java VM: OpenJDK 64-Bit Server VM (25.152-b06 mixed mode windows-amd64 compressed oops)
Heap:
 PSYoungGen      total 430080K, used 430030K [0x00000000e0000000, 0x0000000100000000, 0x0000000100000000)
  eden space 400384K, 99% used [0x00000000e0000000,0x00000000f86f92a8,0x00000000f8700000)
  from space 29696K, 99% used [0x00000000f8700000,0x00000000fa3fa888,0x00000000fa400000)
  to   space 44544K, 32% used [0x00000000fd480000,0x00000000fe2d79b8,0x0000000100000000)
 ParOldGen       total 1048576K, used 90197K [0x00000000a0000000, 0x00000000e0000000, 0x00000000e0000000)
  object space 1048576K, 8% used [0x00000000a0000000,0x00000000a5815418,0x00000000e0000000)
 Metaspace       used 79428K, capacity 82572K, committed 82688K, reserved 1120256K
  class space    used 10194K, capacity 10899K, committed 11008K, reserved 1048576K
GC Heap History (10 events):
Event: 21.798 GC heap after
Heap after GC invocations=10 (full 2):
 PSYoungGen      total 317952K, used 13808K [0x00000000e0000000, 0x00000000f4e00000, 0x0000000100000000)
  eden space 304128K, 0% used [0x00000000e0000000,0x00000000e0000000,0x00000000f2900000)
  from space 13824K, 99% used [0x00000000f3c80000,0x00000000f49fc0f0,0x00000000f4a00000)
  to   space 18944K, 0% used [0x00000000f2900000,0x00000000f2900000,0x00000000f3b80000)
 ParOldGen       total 65024K, used 24461K [0x00000000a0000000, 0x00000000a3f80000, 0x00000000e0000000)
  object space 65024K, 37% used [0x00000000a0000000,0x00000000a17e3718,0x00000000a3f80000)
 Metaspace       used 49483K, capacity 50652K, committed 50816K, reserved 1093632K
  class space    used 6646K, capacity 7009K, committed 7040K, reserved 1048576K
}
Event: 31.616 GC heap before
{Heap before GC invocations=11 (full 2):
 PSYoungGen      total 317952K, used 227650K [0x00000000e0000000, 0x00000000f4e00000, 0x0000000100000000)
  eden space 304128K, 70% used [0x00000000e0000000,0x00000000ed0d4888,0x00000000f2900000)
  from space 13824K, 99% used [0x00000000f3c80000,0x00000000f49fc0f0,0x00000000f4a00000)
  to   space 18944K, 0% used [0x00000000f2900000,0x00000000f2900000,0x00000000f3b80000)
 ParOldGen       total 65024K, used 24461K [0x00000000a0000000, 0x00000000a3f80000, 0x00000000e0000000)
  object space 65024K, 37% used [0x00000000a0000000,0x00000000a17e3718,0x00000000a3f80000)
 Metaspace       used 57073K, capacity 58902K, committed 59008K, reserved 1099776K
  class space    used 7769K, capacity 8234K, committed 8320K, reserved 1048576K
Event: 31.883 GC heap after
Heap after GC invocations=11 (full 2):
 PSYoungGen      total 323072K, used 18914K [0x00000000e0000000, 0x00000000fc280000, 0x0000000100000000)
  eden space 304128K, 0% used [0x00000000e0000000,0x00000000e0000000,0x00000000f2900000)
  from space 18944K, 99% used [0x00000000f2900000,0x00000000f3b78a78,0x00000000f3b80000)
  to   space 26112K, 0% used [0x00000000fa900000,0x00000000fa900000,0x00000000fc280000)
 ParOldGen       total 65024K, used 34207K [0x00000000a0000000, 0x00000000a3f80000, 0x00000000e0000000)
  object space 65024K, 52% used [0x00000000a0000000,0x00000000a2167eb8,0x00000000a3f80000)
 Metaspace       used 57073K, capacity 58902K, committed 59008K, reserved 1099776K
  class space    used 7769K, capacity 8234K, committed 8320K, reserved 1048576K
}
Event: 31.883 GC heap before
{Heap before GC invocations=12 (full 3):
 PSYoungGen      total 323072K, used 18914K [0x00000000e0000000, 0x00000000fc280000, 0x0000000100000000)
  eden space 304128K, 0% used [0x00000000e0000000,0x00000000e0000000,0x00000000f2900000)
  from space 18944K, 99% used [0x00000000f2900000,0x00000000f3b78a78,0x00000000f3b80000)
  to   space 26112K, 0% used [0x00000000fa900000,0x00000000fa900000,0x00000000fc280000)
 ParOldGen       total 65024K, used 34207K [0x00000000a0000000, 0x00000000a3f80000, 0x00000000e0000000)
  object space 65024K, 52% used [0x00000000a0000000,0x00000000a2167eb8,0x00000000a3f80000)
 Metaspace       used 57073K, capacity 58902K, committed 59008K, reserved 1099776K
  class space    used 7769K, capacity 8234K, committed 8320K, reserved 1048576K
Event: 32.278 GC heap after
Heap after GC invocations=12 (full 3):
 PSYoungGen      total 323072K, used 0K [0x00000000e0000000, 0x00000000fc280000, 0x0000000100000000)
  eden space 304128K, 0% used [0x00000000e0000000,0x00000000e0000000,0x00000000f2900000)
  from space 18944K, 0% used [0x00000000f2900000,0x00000000f2900000,0x00000000f3b80000)
  to   space 26112K, 0% used [0x00000000fa900000,0x00000000fa900000,0x00000000fc280000)
 ParOldGen       total 103936K, used 41525K [0x00000000a0000000, 0x00000000a6580000, 0x00000000e0000000)
  object space 103936K, 39% used [0x00000000a0000000,0x00000000a288d7e0,0x00000000a6580000)
 Metaspace       used 57073K, capacity 58902K, committed 59008K, reserved 1099776K
  class space    used 7769K, capacity 8234K, committed 8320K, reserved 1048576K
}
Event: 1056.527 GC heap before
{Heap before GC invocations=13 (full 3):
 PSYoungGen      total 323072K, used 304128K [0x00000000e0000000, 0x00000000fc280000, 0x0000000100000000)
  eden space 304128K, 100% used [0x00000000e0000000,0x00000000f2900000,0x00000000f2900000)
  from space 18944K, 0% used [0x00000000f2900000,0x00000000f2900000,0x00000000f3b80000)
  to   space 26112K, 0% used [0x00000000fa900000,0x00000000fa900000,0x00000000fc280000)
 ParOldGen       total 103936K, used 41525K [0x00000000a0000000, 0x00000000a6580000, 0x00000000e0000000)
  object space 103936K, 39% used [0x00000000a0000000,0x00000000a288d7e0,0x00000000a6580000)
 Metaspace       used 64963K, capacity 67104K, committed 67200K, reserved 1107968K
  class space    used 8511K, capacity 9039K, committed 9088K, reserved 1048576K
Event: 1056.585 GC heap after
Heap after GC invocations=13 (full 3):
 PSYoungGen      total 420352K, used 24480K [0x00000000e0000000, 0x00000000fc100000, 0x0000000100000000)
  eden space 395776K, 0% used [0x00000000e0000000,0x00000000e0000000,0x00000000f8280000)
  from space 24576K, 99% used [0x00000000fa900000,0x00000000fc0e8388,0x00000000fc100000)
  to   space 29696K, 0% used [0x00000000f8700000,0x00000000f8700000,0x00000000fa400000)
 ParOldGen       total 103936K, used 41533K [0x00000000a0000000, 0x00000000a6580000, 0x00000000e0000000)
  object space 103936K, 39% used [0x00000000a0000000,0x00000000a288f7e0,0x00000000a6580000)
 Metaspace       used 64963K, capacity 67104K, committed 67200K, reserved 1107968K
  class space    used 8511K, capacity 9039K, committed 9088K, reserved 1048576K
}
Event: 1064.307 GC heap before
{Heap before GC invocations=14 (full 3):
 PSYoungGen      total 420352K, used 420256K [0x00000000e0000000, 0x00000000fc100000, 0x0000000100000000)
  eden space 395776K, 100% used [0x00000000e0000000,0x00000000f8280000,0x00000000f8280000)
  from space 24576K, 99% used [0x00000000fa900000,0x00000000fc0e8388,0x00000000fc100000)
  to   space 29696K, 0% used [0x00000000f8700000,0x00000000f8700000,0x00000000fa400000)
 ParOldGen       total 103936K, used 41533K [0x00000000a0000000, 0x00000000a6580000, 0x00000000e0000000)
  object space 103936K, 39% used [0x00000000a0000000,0x00000000a288f7e0,0x00000000a6580000)
 Metaspace       used 76396K, capacity 79254K, committed 79488K, reserved 1118208K
  class space    used 9888K, capacity 10512K, committed 10624K, reserved 1048576K
Event: 1064.417 GC heap after
Heap after GC invocations=14 (full 3):
 PSYoungGen      total 430080K, used 29674K [0x00000000e0000000, 0x0000000100000000, 0x0000000100000000)
  eden space 400384K, 0% used [0x00000000e0000000,0x00000000e0000000,0x00000000f8700000)
  from space 29696K, 99% used [0x00000000f8700000,0x00000000fa3fa888,0x00000000fa400000)
  to   space 44544K, 0% used [0x00000000fd480000,0x00000000fd480000,0x0000000100000000)
 ParOldGen       total 103936K, used 69490K [0x00000000a0000000, 0x00000000a6580000, 0x00000000e0000000)
  object space 103936K, 66% used [0x00000000a0000000,0x00000000a43dca40,0x00000000a6580000)
 Metaspace       used 76396K, capacity 79254K, committed 79488K, reserved 1118208K
  class space    used 9888K, capacity 10512K, committed 10624K, reserved 1048576K
}
Event: 1157.107 GC heap before
{Heap before GC invocations=15 (full 3):
 PSYoungGen      total 430080K, used 430030K [0x00000000e0000000, 0x0000000100000000, 0x0000000100000000)
  eden space 400384K, 99% used [0x00000000e0000000,0x00000000f86f92a8,0x00000000f8700000)
  from space 29696K, 99% used [0x00000000f8700000,0x00000000fa3fa888,0x00000000fa400000)
  to   space 44544K, 0% used [0x00000000fd480000,0x00000000fd480000,0x0000000100000000)
 ParOldGen       total 103936K, used 69490K [0x00000000a0000000, 0x00000000a6580000, 0x00000000e0000000)
  object space 103936K, 66% used [0x00000000a0000000,0x00000000a43dca40,0x00000000a6580000)
 Metaspace       used 79428K, capacity 82572K, committed 82688K, reserved 1120256K
  class space    used 10194K, capacity 10899K, committed 11008K, reserved 1048576K

